2021-10-25 23:03:59.054  INFO 12700 --- [main] SpringBootCoreDataJpaMvcRest1Application : Starting TimesheetSpringBootCoreDataJpaMvcRest1Application on DESKTOP-U392BQ5 with PID 12700 (C:\spring\workspace-sts\TimesheetProject\target\classes started by Administrateur in C:\spring\workspace-sts\TimesheetProject)
2021-10-25 23:03:59.072  INFO 12700 --- [main] SpringBootCoreDataJpaMvcRest1Application : No active profile set, falling back to default profiles: default
2021-10-25 23:04:00.674  INFO 12700 --- [main] .s.d.r.c.RepositoryConfigurationDelegate : Bootstrapping Spring Data repositories in DEFAULT mode.
2021-10-25 23:04:01.064  INFO 12700 --- [main] .s.d.r.c.RepositoryConfigurationDelegate : Finished Spring Data repository scanning in 375ms. Found 6 repository interfaces.
2021-10-25 23:04:01.643  INFO 12700 --- [main] trationDelegate$BeanPostProcessorChecker : Bean 'org.springframework.transaction.annotation.ProxyTransactionManagementConfiguration' of type [org.springframework.transaction.annotation.ProxyTransactionManagementConfiguration$$EnhancerBySpringCGLIB$$a1534fa1] is not eligible for getting processed by all BeanPostProcessors (for example: not eligible for auto-proxying)
2021-10-25 23:04:02.661  INFO 12700 --- [main] o.s.b.w.embedded.tomcat.TomcatWebServer  : Tomcat initialized with port(s): 8081 (http)
2021-10-25 23:04:02.720  INFO 12700 --- [main] o.apache.catalina.core.StandardService   : Starting service [Tomcat]
2021-10-25 23:04:02.721  INFO 12700 --- [main] org.apache.catalina.core.StandardEngine  : Starting Servlet engine: [Apache Tomcat/9.0.17]
2021-10-25 23:04:03.029  INFO 12700 --- [main] o.a.c.c.C.[.[localhost].[/SpringMVC]     : Initializing Spring embedded WebApplicationContext
2021-10-25 23:04:03.029  INFO 12700 --- [main] o.s.web.context.ContextLoader            : Root WebApplicationContext: initialization completed in 3695 ms
2021-10-25 23:04:03.271  WARN 12700 --- [main] ConfigServletWebServerApplicationContext : Exception encountered during context initialization - cancelling refresh attempt: org.springframework.beans.factory.UnsatisfiedDependencyException: Error creating bean with name 'restControlEmploye': Unsatisfied dependency expressed through field 'iemployeservice'; nested exception is org.springframework.beans.factory.UnsatisfiedDependencyException: Error creating bean with name 'employeServiceImpl': Unsatisfied dependency expressed through field 'employeRepository'; nested exception is org.springframework.beans.factory.BeanCreationException: Error creating bean with name 'employeRepository': Cannot create inner bean '(inner bean)#dffa30b' of type [org.springframework.orm.jpa.SharedEntityManagerCreator] while setting bean property 'entityManager'; nested exception is org.springframework.beans.factory.BeanCreationException: Error creating bean with name '(inner bean)#dffa30b': Cannot resolve reference to bean 'entityManagerFactory' while setting constructor argument; nested exception is org.springframework.beans.factory.NoSuchBeanDefinitionException: No bean named 'entityManagerFactory' available
2021-10-25 23:04:03.299  INFO 12700 --- [main] o.apache.catalina.core.StandardService   : Stopping service [Tomcat]
2021-10-25 23:04:03.525  INFO 12700 --- [main] ConditionEvaluationReportLoggingListener : 

Error starting ApplicationContext. To display the conditions report re-run your application with 'debug' enabled.
2021-10-25 23:04:03.704 ERROR 12700 --- [main] o.s.b.d.LoggingFailureAnalysisReporter   : 

***************************
APPLICATION FAILED TO START
***************************

Description:

Field employeRepository in tn.esprit.spring.services.EmployeServiceImpl required a bean named 'entityManagerFactory' that could not be found.

The injection point has the following annotations:
	- @org.springframework.beans.factory.annotation.Autowired(required=true)


Action:

Consider defining a bean named 'entityManagerFactory' in your configuration.

2021-10-25 23:13:51.845  INFO 3472 --- [main] SpringBootCoreDataJpaMvcRest1Application : Starting TimesheetSpringBootCoreDataJpaMvcRest1Application on DESKTOP-U392BQ5 with PID 3472 (C:\spring\workspace-sts\TimesheetProject\target\classes started by Administrateur in C:\spring\workspace-sts\TimesheetProject)
2021-10-25 23:13:51.850  INFO 3472 --- [main] SpringBootCoreDataJpaMvcRest1Application : No active profile set, falling back to default profiles: default
2021-10-25 23:13:52.790  INFO 3472 --- [main] .s.d.r.c.RepositoryConfigurationDelegate : Bootstrapping Spring Data repositories in DEFAULT mode.
2021-10-25 23:13:52.905  INFO 3472 --- [main] .s.d.r.c.RepositoryConfigurationDelegate : Finished Spring Data repository scanning in 105ms. Found 6 repository interfaces.
2021-10-25 23:13:53.359  INFO 3472 --- [main] trationDelegate$BeanPostProcessorChecker : Bean 'org.springframework.transaction.annotation.ProxyTransactionManagementConfiguration' of type [org.springframework.transaction.annotation.ProxyTransactionManagementConfiguration$$EnhancerBySpringCGLIB$$440d5b2c] is not eligible for getting processed by all BeanPostProcessors (for example: not eligible for auto-proxying)
2021-10-25 23:13:53.800  INFO 3472 --- [main] o.s.b.w.embedded.tomcat.TomcatWebServer  : Tomcat initialized with port(s): 8081 (http)
2021-10-25 23:13:53.831  INFO 3472 --- [main] o.apache.catalina.core.StandardService   : Starting service [Tomcat]
2021-10-25 23:13:53.831  INFO 3472 --- [main] org.apache.catalina.core.StandardEngine  : Starting Servlet engine: [Apache Tomcat/9.0.17]
2021-10-25 23:13:54.077  INFO 3472 --- [main] o.a.c.c.C.[.[localhost].[/SpringMVC]     : Initializing Spring embedded WebApplicationContext
2021-10-25 23:13:54.077  INFO 3472 --- [main] o.s.web.context.ContextLoader            : Root WebApplicationContext: initialization completed in 2132 ms
2021-10-25 23:13:54.200  WARN 3472 --- [main] ConfigServletWebServerApplicationContext : Exception encountered during context initialization - cancelling refresh attempt: org.springframework.beans.factory.UnsatisfiedDependencyException: Error creating bean with name 'restControlEmploye': Unsatisfied dependency expressed through field 'iemployeservice'; nested exception is org.springframework.beans.factory.UnsatisfiedDependencyException: Error creating bean with name 'employeServiceImpl': Unsatisfied dependency expressed through field 'employeRepository'; nested exception is org.springframework.beans.factory.BeanCreationException: Error creating bean with name 'employeRepository': Cannot create inner bean '(inner bean)#41f35f7c' of type [org.springframework.orm.jpa.SharedEntityManagerCreator] while setting bean property 'entityManager'; nested exception is org.springframework.beans.factory.BeanCreationException: Error creating bean with name '(inner bean)#41f35f7c': Cannot resolve reference to bean 'entityManagerFactory' while setting constructor argument; nested exception is org.springframework.beans.factory.NoSuchBeanDefinitionException: No bean named 'entityManagerFactory' available
2021-10-25 23:13:54.205  INFO 3472 --- [main] o.apache.catalina.core.StandardService   : Stopping service [Tomcat]
2021-10-25 23:13:54.240  INFO 3472 --- [main] ConditionEvaluationReportLoggingListener : 

Error starting ApplicationContext. To display the conditions report re-run your application with 'debug' enabled.
2021-10-25 23:13:54.351 ERROR 3472 --- [main] o.s.b.d.LoggingFailureAnalysisReporter   : 

***************************
APPLICATION FAILED TO START
***************************

Description:

Field employeRepository in tn.esprit.spring.services.EmployeServiceImpl required a bean named 'entityManagerFactory' that could not be found.

The injection point has the following annotations:
	- @org.springframework.beans.factory.annotation.Autowired(required=true)


Action:

Consider defining a bean named 'entityManagerFactory' in your configuration.

2021-10-25 23:21:37.342  INFO 13944 --- [main] SpringBootCoreDataJpaMvcRest1Application : Starting TimesheetSpringBootCoreDataJpaMvcRest1Application on DESKTOP-U392BQ5 with PID 13944 (C:\spring\workspace-sts\TimesheetProject\target\classes started by Administrateur in C:\spring\workspace-sts\TimesheetProject)
2021-10-25 23:21:37.351  INFO 13944 --- [main] SpringBootCoreDataJpaMvcRest1Application : No active profile set, falling back to default profiles: default
2021-10-25 23:21:38.317  INFO 13944 --- [main] .s.d.r.c.RepositoryConfigurationDelegate : Bootstrapping Spring Data repositories in DEFAULT mode.
2021-10-25 23:21:38.448  INFO 13944 --- [main] .s.d.r.c.RepositoryConfigurationDelegate : Finished Spring Data repository scanning in 120ms. Found 6 repository interfaces.
2021-10-25 23:21:38.930  INFO 13944 --- [main] trationDelegate$BeanPostProcessorChecker : Bean 'org.springframework.transaction.annotation.ProxyTransactionManagementConfiguration' of type [org.springframework.transaction.annotation.ProxyTransactionManagementConfiguration$$EnhancerBySpringCGLIB$$b41b4946] is not eligible for getting processed by all BeanPostProcessors (for example: not eligible for auto-proxying)
2021-10-25 23:21:39.386  INFO 13944 --- [main] o.s.b.w.embedded.tomcat.TomcatWebServer  : Tomcat initialized with port(s): 8081 (http)
2021-10-25 23:21:39.414  INFO 13944 --- [main] o.apache.catalina.core.StandardService   : Starting service [Tomcat]
2021-10-25 23:21:39.415  INFO 13944 --- [main] org.apache.catalina.core.StandardEngine  : Starting Servlet engine: [Apache Tomcat/9.0.17]
2021-10-25 23:21:39.667  INFO 13944 --- [main] o.a.c.c.C.[.[localhost].[/SpringMVC]     : Initializing Spring embedded WebApplicationContext
2021-10-25 23:21:39.668  INFO 13944 --- [main] o.s.web.context.ContextLoader            : Root WebApplicationContext: initialization completed in 2244 ms
2021-10-25 23:21:39.807  WARN 13944 --- [main] ConfigServletWebServerApplicationContext : Exception encountered during context initialization - cancelling refresh attempt: org.springframework.beans.factory.UnsatisfiedDependencyException: Error creating bean with name 'restControlEmploye': Unsatisfied dependency expressed through field 'iemployeservice'; nested exception is org.springframework.beans.factory.UnsatisfiedDependencyException: Error creating bean with name 'employeServiceImpl': Unsatisfied dependency expressed through field 'employeRepository'; nested exception is org.springframework.beans.factory.BeanCreationException: Error creating bean with name 'employeRepository': Cannot create inner bean '(inner bean)#1bcf67e8' of type [org.springframework.orm.jpa.SharedEntityManagerCreator] while setting bean property 'entityManager'; nested exception is org.springframework.beans.factory.BeanCreationException: Error creating bean with name '(inner bean)#1bcf67e8': Cannot resolve reference to bean 'entityManagerFactory' while setting constructor argument; nested exception is org.springframework.beans.factory.NoSuchBeanDefinitionException: No bean named 'entityManagerFactory' available
2021-10-25 23:21:39.811  INFO 13944 --- [main] o.apache.catalina.core.StandardService   : Stopping service [Tomcat]
2021-10-25 23:21:39.834  INFO 13944 --- [main] ConditionEvaluationReportLoggingListener : 

Error starting ApplicationContext. To display the conditions report re-run your application with 'debug' enabled.
2021-10-25 23:21:39.965 ERROR 13944 --- [main] o.s.b.d.LoggingFailureAnalysisReporter   : 

***************************
APPLICATION FAILED TO START
***************************

Description:

Field employeRepository in tn.esprit.spring.services.EmployeServiceImpl required a bean named 'entityManagerFactory' that could not be found.

The injection point has the following annotations:
	- @org.springframework.beans.factory.annotation.Autowired(required=true)


Action:

Consider defining a bean named 'entityManagerFactory' in your configuration.

2021-10-25 23:23:11.981  INFO 1804 --- [main] SpringBootCoreDataJpaMvcRest1Application : Starting TimesheetSpringBootCoreDataJpaMvcRest1Application on DESKTOP-U392BQ5 with PID 1804 (C:\spring\workspace-sts\TimesheetProject\target\classes started by Administrateur in C:\spring\workspace-sts\TimesheetProject)
2021-10-25 23:23:11.986  INFO 1804 --- [main] SpringBootCoreDataJpaMvcRest1Application : No active profile set, falling back to default profiles: default
2021-10-25 23:23:12.844  INFO 1804 --- [main] .s.d.r.c.RepositoryConfigurationDelegate : Bootstrapping Spring Data repositories in DEFAULT mode.
2021-10-25 23:23:12.937  INFO 1804 --- [main] .s.d.r.c.RepositoryConfigurationDelegate : Finished Spring Data repository scanning in 81ms. Found 6 repository interfaces.
2021-10-25 23:23:13.336  INFO 1804 --- [main] trationDelegate$BeanPostProcessorChecker : Bean 'org.springframework.transaction.annotation.ProxyTransactionManagementConfiguration' of type [org.springframework.transaction.annotation.ProxyTransactionManagementConfiguration$$EnhancerBySpringCGLIB$$9bd3a6ff] is not eligible for getting processed by all BeanPostProcessors (for example: not eligible for auto-proxying)
2021-10-25 23:23:13.767  INFO 1804 --- [main] o.s.b.w.embedded.tomcat.TomcatWebServer  : Tomcat initialized with port(s): 8081 (http)
2021-10-25 23:23:13.795  INFO 1804 --- [main] o.apache.catalina.core.StandardService   : Starting service [Tomcat]
2021-10-25 23:23:13.796  INFO 1804 --- [main] org.apache.catalina.core.StandardEngine  : Starting Servlet engine: [Apache Tomcat/9.0.17]
2021-10-25 23:23:14.015  INFO 1804 --- [main] o.a.c.c.C.[.[localhost].[/SpringMVC]     : Initializing Spring embedded WebApplicationContext
2021-10-25 23:23:14.015  INFO 1804 --- [main] o.s.web.context.ContextLoader            : Root WebApplicationContext: initialization completed in 1945 ms
2021-10-25 23:23:14.135  WARN 1804 --- [main] ConfigServletWebServerApplicationContext : Exception encountered during context initialization - cancelling refresh attempt: org.springframework.beans.factory.UnsatisfiedDependencyException: Error creating bean with name 'restControlEmploye': Unsatisfied dependency expressed through field 'iemployeservice'; nested exception is org.springframework.beans.factory.UnsatisfiedDependencyException: Error creating bean with name 'employeServiceImpl': Unsatisfied dependency expressed through field 'employeRepository'; nested exception is org.springframework.beans.factory.BeanCreationException: Error creating bean with name 'employeRepository': Cannot create inner bean '(inner bean)#64030b91' of type [org.springframework.orm.jpa.SharedEntityManagerCreator] while setting bean property 'entityManager'; nested exception is org.springframework.beans.factory.BeanCreationException: Error creating bean with name '(inner bean)#64030b91': Cannot resolve reference to bean 'entityManagerFactory' while setting constructor argument; nested exception is org.springframework.beans.factory.NoSuchBeanDefinitionException: No bean named 'entityManagerFactory' available
2021-10-25 23:23:14.141  INFO 1804 --- [main] o.apache.catalina.core.StandardService   : Stopping service [Tomcat]
2021-10-25 23:23:14.170  INFO 1804 --- [main] ConditionEvaluationReportLoggingListener : 

Error starting ApplicationContext. To display the conditions report re-run your application with 'debug' enabled.
2021-10-25 23:23:14.287 ERROR 1804 --- [main] o.s.b.d.LoggingFailureAnalysisReporter   : 

***************************
APPLICATION FAILED TO START
***************************

Description:

Field employeRepository in tn.esprit.spring.services.EmployeServiceImpl required a bean named 'entityManagerFactory' that could not be found.

The injection point has the following annotations:
	- @org.springframework.beans.factory.annotation.Autowired(required=true)


Action:

Consider defining a bean named 'entityManagerFactory' in your configuration.

2021-10-25 23:27:03.920  INFO 3152 --- [main] SpringBootCoreDataJpaMvcRest1Application : Starting TimesheetSpringBootCoreDataJpaMvcRest1Application on DESKTOP-U392BQ5 with PID 3152 (C:\spring\workspace-sts\TimesheetProject\target\classes started by Administrateur in C:\spring\workspace-sts\TimesheetProject)
2021-10-25 23:27:03.925  INFO 3152 --- [main] SpringBootCoreDataJpaMvcRest1Application : No active profile set, falling back to default profiles: default
2021-10-25 23:27:04.858  INFO 3152 --- [main] .s.d.r.c.RepositoryConfigurationDelegate : Bootstrapping Spring Data repositories in DEFAULT mode.
2021-10-25 23:27:04.972  INFO 3152 --- [main] .s.d.r.c.RepositoryConfigurationDelegate : Finished Spring Data repository scanning in 105ms. Found 6 repository interfaces.
2021-10-25 23:27:05.406  INFO 3152 --- [main] trationDelegate$BeanPostProcessorChecker : Bean 'org.springframework.transaction.annotation.ProxyTransactionManagementConfiguration' of type [org.springframework.transaction.annotation.ProxyTransactionManagementConfiguration$$EnhancerBySpringCGLIB$$42562cf] is not eligible for getting processed by all BeanPostProcessors (for example: not eligible for auto-proxying)
2021-10-25 23:27:05.897  INFO 3152 --- [main] o.s.b.w.embedded.tomcat.TomcatWebServer  : Tomcat initialized with port(s): 8084 (http)
2021-10-25 23:27:05.929  INFO 3152 --- [main] o.apache.catalina.core.StandardService   : Starting service [Tomcat]
2021-10-25 23:27:05.930  INFO 3152 --- [main] org.apache.catalina.core.StandardEngine  : Starting Servlet engine: [Apache Tomcat/9.0.17]
2021-10-25 23:27:06.173  INFO 3152 --- [main] o.a.c.c.C.[.[localhost].[/SpringMVC]     : Initializing Spring embedded WebApplicationContext
2021-10-25 23:27:06.174  INFO 3152 --- [main] o.s.web.context.ContextLoader            : Root WebApplicationContext: initialization completed in 2148 ms
2021-10-25 23:27:06.279  WARN 3152 --- [main] ConfigServletWebServerApplicationContext : Exception encountered during context initialization - cancelling refresh attempt: org.springframework.beans.factory.UnsatisfiedDependencyException: Error creating bean with name 'restControlEmploye': Unsatisfied dependency expressed through field 'iemployeservice'; nested exception is org.springframework.beans.factory.UnsatisfiedDependencyException: Error creating bean with name 'employeServiceImpl': Unsatisfied dependency expressed through field 'employeRepository'; nested exception is org.springframework.beans.factory.BeanCreationException: Error creating bean with name 'employeRepository': Cannot create inner bean '(inner bean)#30331109' of type [org.springframework.orm.jpa.SharedEntityManagerCreator] while setting bean property 'entityManager'; nested exception is org.springframework.beans.factory.BeanCreationException: Error creating bean with name '(inner bean)#30331109': Cannot resolve reference to bean 'entityManagerFactory' while setting constructor argument; nested exception is org.springframework.beans.factory.NoSuchBeanDefinitionException: No bean named 'entityManagerFactory' available
2021-10-25 23:27:06.283  INFO 3152 --- [main] o.apache.catalina.core.StandardService   : Stopping service [Tomcat]
2021-10-25 23:27:06.321  INFO 3152 --- [main] ConditionEvaluationReportLoggingListener : 

Error starting ApplicationContext. To display the conditions report re-run your application with 'debug' enabled.
2021-10-25 23:27:06.441 ERROR 3152 --- [main] o.s.b.d.LoggingFailureAnalysisReporter   : 

***************************
APPLICATION FAILED TO START
***************************

Description:

Field employeRepository in tn.esprit.spring.services.EmployeServiceImpl required a bean named 'entityManagerFactory' that could not be found.

The injection point has the following annotations:
	- @org.springframework.beans.factory.annotation.Autowired(required=true)


Action:

Consider defining a bean named 'entityManagerFactory' in your configuration.

